<?xml version="1.0" encoding="UTF-8"?>
<!-- Generated by org.testng.reporters.JUnitXMLReporter -->
<testsuite ignored="0" hostname="DESKTOP-B861MQV" failures="1" tests="4" name="Default test" time="0.276" errors="0" timestamp="2021-12-28T21:34:42 IST">
  <testcase classname="com.odigeo.interview.coding.battleshipservice.controller.GameControllerTest" name="@AfterMethod tearDown" time="0.025">
    <failure type="org.mockito.exceptions.misusing.InvalidUseOfMatchersException" message="
Misplaced argument matcher detected here:

-&amp;gt; at com.odigeo.interview.coding.battleshipservice.controller.GameControllerTest.createGame(GameControllerTest.java:56)

You cannot use argument matchers outside of verification or stubbing.
Examples of correct usage of argument matchers:
    when(mock.get(anyInt())).thenReturn(null);
    doThrow(new RuntimeException()).when(mock).someVoidMethod(anyObject());
    verify(mock).someMethod(contains(&amp;quot;foo&amp;quot;))

Also, this error might show up because you use argument matchers with methods that cannot be mocked.
Following methods *cannot* be stubbed/verified: final/private/equals()/hashCode().
Mocking methods declared on non-public parent classes is not supported.
">
      <![CDATA[org.mockito.exceptions.misusing.InvalidUseOfMatchersException: 
Misplaced argument matcher detected here:

-> at com.odigeo.interview.coding.battleshipservice.controller.GameControllerTest.createGame(GameControllerTest.java:56)

You cannot use argument matchers outside of verification or stubbing.
Examples of correct usage of argument matchers:
    when(mock.get(anyInt())).thenReturn(null);
    doThrow(new RuntimeException()).when(mock).someVoidMethod(anyObject());
    verify(mock).someMethod(contains("foo"))

Also, this error might show up because you use argument matchers with methods that cannot be mocked.
Following methods *cannot* be stubbed/verified: final/private/equals()/hashCode().
Mocking methods declared on non-public parent classes is not supported.

at com.odigeo.interview.coding.battleshipservice.controller.GameControllerTest.tearDown(GameControllerTest.java:39)
at java.base/jdk.internal.reflect.NativeMethodAccessorImpl.invoke0(Native Method)
at java.base/jdk.internal.reflect.NativeMethodAccessorImpl.invoke(NativeMethodAccessorImpl.java:77)
at java.base/jdk.internal.reflect.DelegatingMethodAccessorImpl.invoke(DelegatingMethodAccessorImpl.java:43)
at java.base/java.lang.reflect.Method.invoke(Method.java:568)
at org.testng.internal.MethodInvocationHelper.invokeMethod(MethodInvocationHelper.java:132)
at org.testng.internal.MethodInvocationHelper.invokeMethodConsideringTimeout(MethodInvocationHelper.java:61)
at org.testng.internal.ConfigInvoker.invokeConfigurationMethod(ConfigInvoker.java:366)
at org.testng.internal.ConfigInvoker.invokeConfigurations(ConfigInvoker.java:320)
at org.testng.internal.TestInvoker.runConfigMethods(TestInvoker.java:701)
at org.testng.internal.TestInvoker.runAfterGroupsConfigurations(TestInvoker.java:677)
at org.testng.internal.TestInvoker.invokeMethod(TestInvoker.java:661)
at org.testng.internal.TestInvoker.invokeTestMethod(TestInvoker.java:174)
at org.testng.internal.MethodRunner.runInSequence(MethodRunner.java:46)
at org.testng.internal.TestInvoker$MethodInvocationAgent.invoke(TestInvoker.java:822)
at org.testng.internal.TestInvoker.invokeTestMethods(TestInvoker.java:147)
at org.testng.internal.TestMethodWorker.invokeTestMethods(TestMethodWorker.java:146)
at org.testng.internal.TestMethodWorker.run(TestMethodWorker.java:128)
at java.base/java.util.ArrayList.forEach(ArrayList.java:1511)
at org.testng.TestRunner.privateRun(TestRunner.java:764)
at org.testng.TestRunner.run(TestRunner.java:585)
at org.testng.SuiteRunner.runTest(SuiteRunner.java:384)
at org.testng.SuiteRunner.runSequentially(SuiteRunner.java:378)
at org.testng.SuiteRunner.privateRun(SuiteRunner.java:337)
at org.testng.SuiteRunner.run(SuiteRunner.java:286)
at org.testng.SuiteRunnerWorker.runSuite(SuiteRunnerWorker.java:53)
at org.testng.SuiteRunnerWorker.run(SuiteRunnerWorker.java:96)
at org.testng.TestNG.runSuitesSequentially(TestNG.java:1218)
at org.testng.TestNG.runSuitesLocally(TestNG.java:1140)
at org.testng.TestNG.runSuites(TestNG.java:1069)
at org.testng.TestNG.run(TestNG.java:1037)
at org.testng.remote.AbstractRemoteTestNG.run(AbstractRemoteTestNG.java:115)
at org.testng.remote.RemoteTestNG.initAndRun(RemoteTestNG.java:251)
at org.testng.remote.RemoteTestNG.main(RemoteTestNG.java:77)
]]>
    </failure>
  </testcase> <!-- @AfterMethod tearDown -->
  <testcase classname="com.odigeo.interview.coding.battleshipservice.controller.GameControllerTest" name="@BeforeMethod setUp" time="-1.640707482643E9">
    <skipped/>
  </testcase> <!-- @BeforeMethod setUp -->
  <testcase classname="com.odigeo.interview.coding.battleshipservice.controller.GameControllerTest" name="@AfterMethod tearDown" time="-1.640707482653E9">
    <skipped/>
  </testcase> <!-- @AfterMethod tearDown -->
  <testcase classname="com.odigeo.interview.coding.battleshipservice.controller.GameControllerTest" name="@BeforeMethod setUp" time="-1.640707482657E9">
    <skipped/>
  </testcase> <!-- @BeforeMethod setUp -->
  <testcase classname="com.odigeo.interview.coding.battleshipservice.controller.GameControllerTest" name="@AfterMethod tearDown" time="-1.640707482665E9">
    <skipped/>
  </testcase> <!-- @AfterMethod tearDown -->
  <testcase classname="com.odigeo.interview.coding.battleshipservice.controller.GameControllerTest" name="@BeforeMethod setUp" time="-1.640707482668E9">
    <skipped/>
  </testcase> <!-- @BeforeMethod setUp -->
  <testcase classname="com.odigeo.interview.coding.battleshipservice.controller.GameControllerTest" name="@AfterMethod tearDown" time="-1.640707482676E9">
    <skipped/>
  </testcase> <!-- @AfterMethod tearDown -->
  <testcase classname="com.odigeo.interview.coding.battleshipservice.controller.GameControllerTest" name="testDeployShips" time="0.044">
    <failure type="java.lang.NullPointerException" message="Cannot invoke &amp;quot;com.odigeo.interview.coding.battleshipapi.contract.GameStartCommand.getPlayerId()&amp;quot; because &amp;quot;command&amp;quot; is null">
      <![CDATA[java.lang.NullPointerException: Cannot invoke "com.odigeo.interview.coding.battleshipapi.contract.GameStartCommand.getPlayerId()" because "command" is null
at com.odigeo.interview.coding.battleshipservice.service.GameService.newGame(GameService.java:58)
at com.odigeo.interview.coding.battleshipservice.controller.GameControllerTest.createGame(GameControllerTest.java:56)
at com.odigeo.interview.coding.battleshipservice.controller.GameControllerTest.testDeployShips(GameControllerTest.java:74)
at java.base/jdk.internal.reflect.NativeMethodAccessorImpl.invoke0(Native Method)
at java.base/jdk.internal.reflect.NativeMethodAccessorImpl.invoke(NativeMethodAccessorImpl.java:77)
at java.base/jdk.internal.reflect.DelegatingMethodAccessorImpl.invoke(DelegatingMethodAccessorImpl.java:43)
at java.base/java.lang.reflect.Method.invoke(Method.java:568)
at org.testng.internal.MethodInvocationHelper.invokeMethod(MethodInvocationHelper.java:132)
at org.testng.internal.TestInvoker.invokeMethod(TestInvoker.java:599)
at org.testng.internal.TestInvoker.invokeTestMethod(TestInvoker.java:174)
at org.testng.internal.MethodRunner.runInSequence(MethodRunner.java:46)
at org.testng.internal.TestInvoker$MethodInvocationAgent.invoke(TestInvoker.java:822)
at org.testng.internal.TestInvoker.invokeTestMethods(TestInvoker.java:147)
at org.testng.internal.TestMethodWorker.invokeTestMethods(TestMethodWorker.java:146)
at org.testng.internal.TestMethodWorker.run(TestMethodWorker.java:128)
at java.base/java.util.ArrayList.forEach(ArrayList.java:1511)
at org.testng.TestRunner.privateRun(TestRunner.java:764)
at org.testng.TestRunner.run(TestRunner.java:585)
at org.testng.SuiteRunner.runTest(SuiteRunner.java:384)
at org.testng.SuiteRunner.runSequentially(SuiteRunner.java:378)
at org.testng.SuiteRunner.privateRun(SuiteRunner.java:337)
at org.testng.SuiteRunner.run(SuiteRunner.java:286)
at org.testng.SuiteRunnerWorker.runSuite(SuiteRunnerWorker.java:53)
at org.testng.SuiteRunnerWorker.run(SuiteRunnerWorker.java:96)
at org.testng.TestNG.runSuitesSequentially(TestNG.java:1218)
at org.testng.TestNG.runSuitesLocally(TestNG.java:1140)
at org.testng.TestNG.runSuites(TestNG.java:1069)
at org.testng.TestNG.run(TestNG.java:1037)
at org.testng.remote.AbstractRemoteTestNG.run(AbstractRemoteTestNG.java:115)
at org.testng.remote.RemoteTestNG.initAndRun(RemoteTestNG.java:251)
at org.testng.remote.RemoteTestNG.main(RemoteTestNG.java:77)
]]>
    </failure>
  </testcase> <!-- testDeployShips -->
  <testcase classname="com.odigeo.interview.coding.battleshipservice.controller.GameControllerTest" name="testFire" time="0.0">
    <skipped/>
  </testcase> <!-- testFire -->
  <testcase classname="com.odigeo.interview.coding.battleshipservice.controller.GameControllerTest" name="testJoinGame" time="0.0">
    <skipped/>
  </testcase> <!-- testJoinGame -->
  <testcase classname="com.odigeo.interview.coding.battleshipservice.controller.GameControllerTest" name="testNewGame" time="0.0">
    <skipped/>
  </testcase> <!-- testNewGame -->
</testsuite> <!-- Default test -->
